CRITICAL - 2024-03-03 20:46:18 --> BadMethodCallException: Call to undefined method App\Models\Usuario::getAll
in SYSTEMPATH\Model.php on line 874.
 1 APPPATH\Controllers\Usuarios.php(21): CodeIgniter\Model->__call('getAll', [])
 2 SYSTEMPATH\CodeIgniter.php(941): App\Controllers\Usuarios->usuarios_view()
 3 SYSTEMPATH\CodeIgniter.php(502): CodeIgniter\CodeIgniter->runController(Object(App\Controllers\Usuarios))
 4 SYSTEMPATH\CodeIgniter.php(361): CodeIgniter\CodeIgniter->handleRequest(null, Object(Config\Cache), false)
 5 FCPATH\index.php(79): CodeIgniter\CodeIgniter->run()
CRITICAL - 2024-03-03 20:46:23 --> BadMethodCallException: Call to undefined method App\Models\Usuario::getAll
in SYSTEMPATH\Model.php on line 874.
 1 APPPATH\Controllers\Usuarios.php(21): CodeIgniter\Model->__call('getAll', [])
 2 SYSTEMPATH\CodeIgniter.php(941): App\Controllers\Usuarios->usuarios_view()
 3 SYSTEMPATH\CodeIgniter.php(502): CodeIgniter\CodeIgniter->runController(Object(App\Controllers\Usuarios))
 4 SYSTEMPATH\CodeIgniter.php(361): CodeIgniter\CodeIgniter->handleRequest(null, Object(Config\Cache), false)
 5 FCPATH\index.php(79): CodeIgniter\CodeIgniter->run()
CRITICAL - 2024-03-03 20:46:25 --> BadMethodCallException: Call to undefined method App\Models\Usuario::getAll
in SYSTEMPATH\Model.php on line 874.
 1 APPPATH\Controllers\Usuarios.php(21): CodeIgniter\Model->__call('getAll', [])
 2 SYSTEMPATH\CodeIgniter.php(941): App\Controllers\Usuarios->usuarios_view()
 3 SYSTEMPATH\CodeIgniter.php(502): CodeIgniter\CodeIgniter->runController(Object(App\Controllers\Usuarios))
 4 SYSTEMPATH\CodeIgniter.php(361): CodeIgniter\CodeIgniter->handleRequest(null, Object(Config\Cache), false)
 5 FCPATH\index.php(79): CodeIgniter\CodeIgniter->run()
CRITICAL - 2024-03-03 20:46:26 --> BadMethodCallException: Call to undefined method App\Models\Usuario::getAll
in SYSTEMPATH\Model.php on line 874.
 1 APPPATH\Controllers\Usuarios.php(21): CodeIgniter\Model->__call('getAll', [])
 2 SYSTEMPATH\CodeIgniter.php(941): App\Controllers\Usuarios->usuarios_view()
 3 SYSTEMPATH\CodeIgniter.php(502): CodeIgniter\CodeIgniter->runController(Object(App\Controllers\Usuarios))
 4 SYSTEMPATH\CodeIgniter.php(361): CodeIgniter\CodeIgniter->handleRequest(null, Object(Config\Cache), false)
 5 FCPATH\index.php(79): CodeIgniter\CodeIgniter->run()
