INFO - 2024-03-29 00:00:57 --> Session: Class initialized using 'CodeIgniter\Session\Handlers\FileHandler' driver.
CRITICAL - 2024-03-29 00:01:01 --> ErrorException: Undefined variable $peliculas
in APPPATH\Views\taquilla\principal_taquilla.php on line 14.
 1 APPPATH\Views\taquilla\principal_taquilla.php(14): CodeIgniter\Debug\Exceptions->errorHandler(2, 'Undefined variable $peliculas', 'C:\\laragon\\www\\cine\\app\\Views\\taquilla\\principal_taquilla.php', 14)
 2 SYSTEMPATH\View\View.php(228): include('C:\\laragon\\www\\cine\\app\\Views\\taquilla\\principal_taquilla.php')
 3 SYSTEMPATH\View\View.php(231): CodeIgniter\View\View->CodeIgniter\View\{closure}()
 4 SYSTEMPATH\Common.php(1178): CodeIgniter\View\View->render('taquilla/principal_taquilla', [], true)
 5 APPPATH\Controllers\Taquilla.php(30): view('taquilla/principal_taquilla', [...])
 6 SYSTEMPATH\CodeIgniter.php(941): App\Controllers\Taquilla->index()
 7 SYSTEMPATH\CodeIgniter.php(502): CodeIgniter\CodeIgniter->runController(Object(App\Controllers\Taquilla))
 8 SYSTEMPATH\CodeIgniter.php(361): CodeIgniter\CodeIgniter->handleRequest(null, Object(Config\Cache), false)
 9 FCPATH\index.php(79): CodeIgniter\CodeIgniter->run()
INFO - 2024-03-29 00:01:42 --> Session: Class initialized using 'CodeIgniter\Session\Handlers\FileHandler' driver.
INFO - 2024-03-29 00:04:34 --> Session: Class initialized using 'CodeIgniter\Session\Handlers\FileHandler' driver.
INFO - 2024-03-29 00:05:08 --> Session: Class initialized using 'CodeIgniter\Session\Handlers\FileHandler' driver.
INFO - 2024-03-29 00:20:40 --> Session: Class initialized using 'CodeIgniter\Session\Handlers\FileHandler' driver.
INFO - 2024-03-29 00:20:54 --> Session: Class initialized using 'CodeIgniter\Session\Handlers\FileHandler' driver.
INFO - 2024-03-29 00:27:38 --> Session: Class initialized using 'CodeIgniter\Session\Handlers\FileHandler' driver.
INFO - 2024-03-29 00:27:51 --> Session: Class initialized using 'CodeIgniter\Session\Handlers\FileHandler' driver.
INFO - 2024-03-29 00:29:03 --> Session: Class initialized using 'CodeIgniter\Session\Handlers\FileHandler' driver.
INFO - 2024-03-29 00:29:13 --> Session: Class initialized using 'CodeIgniter\Session\Handlers\FileHandler' driver.
INFO - 2024-03-29 00:31:31 --> Session: Class initialized using 'CodeIgniter\Session\Handlers\FileHandler' driver.
CRITICAL - 2024-03-29 00:31:36 --> ErrorException: Undefined variable $peliculas
in APPPATH\Views\taquilla\principal_taquilla.php on line 14.
 1 APPPATH\Views\taquilla\principal_taquilla.php(14): CodeIgniter\Debug\Exceptions->errorHandler(2, 'Undefined variable $peliculas', 'C:\\laragon\\www\\cine\\app\\Views\\taquilla\\principal_taquilla.php', 14)
 2 SYSTEMPATH\View\View.php(228): include('C:\\laragon\\www\\cine\\app\\Views\\taquilla\\principal_taquilla.php')
 3 SYSTEMPATH\View\View.php(231): CodeIgniter\View\View->CodeIgniter\View\{closure}()
 4 SYSTEMPATH\Common.php(1178): CodeIgniter\View\View->render('taquilla/principal_taquilla', [], true)
 5 APPPATH\Controllers\Taquilla.php(47): view('taquilla/principal_taquilla', [...])
 6 SYSTEMPATH\CodeIgniter.php(941): App\Controllers\Taquilla->index()
 7 SYSTEMPATH\CodeIgniter.php(502): CodeIgniter\CodeIgniter->runController(Object(App\Controllers\Taquilla))
 8 SYSTEMPATH\CodeIgniter.php(361): CodeIgniter\CodeIgniter->handleRequest(null, Object(Config\Cache), false)
 9 FCPATH\index.php(79): CodeIgniter\CodeIgniter->run()
INFO - 2024-03-29 00:31:44 --> Session: Class initialized using 'CodeIgniter\Session\Handlers\FileHandler' driver.
CRITICAL - 2024-03-29 00:31:48 --> ErrorException: Undefined variable $peliculas
in APPPATH\Views\taquilla\principal_taquilla.php on line 14.
 1 APPPATH\Views\taquilla\principal_taquilla.php(14): CodeIgniter\Debug\Exceptions->errorHandler(2, 'Undefined variable $peliculas', 'C:\\laragon\\www\\cine\\app\\Views\\taquilla\\principal_taquilla.php', 14)
 2 SYSTEMPATH\View\View.php(228): include('C:\\laragon\\www\\cine\\app\\Views\\taquilla\\principal_taquilla.php')
 3 SYSTEMPATH\View\View.php(231): CodeIgniter\View\View->CodeIgniter\View\{closure}()
 4 SYSTEMPATH\Common.php(1178): CodeIgniter\View\View->render('taquilla/principal_taquilla', [], true)
 5 APPPATH\Controllers\Taquilla.php(47): view('taquilla/principal_taquilla', [...])
 6 SYSTEMPATH\CodeIgniter.php(941): App\Controllers\Taquilla->index()
 7 SYSTEMPATH\CodeIgniter.php(502): CodeIgniter\CodeIgniter->runController(Object(App\Controllers\Taquilla))
 8 SYSTEMPATH\CodeIgniter.php(361): CodeIgniter\CodeIgniter->handleRequest(null, Object(Config\Cache), false)
 9 FCPATH\index.php(79): CodeIgniter\CodeIgniter->run()
INFO - 2024-03-29 00:32:18 --> Session: Class initialized using 'CodeIgniter\Session\Handlers\FileHandler' driver.
CRITICAL - 2024-03-29 00:32:22 --> ErrorException: Undefined variable $peliculas_activas
in APPPATH\Views\taquilla\principal_taquilla.php on line 7.
 1 APPPATH\Views\taquilla\principal_taquilla.php(7): CodeIgniter\Debug\Exceptions->errorHandler(2, 'Undefined variable $peliculas_activas', 'C:\\laragon\\www\\cine\\app\\Views\\taquilla\\principal_taquilla.php', 7)
 2 SYSTEMPATH\View\View.php(228): include('C:\\laragon\\www\\cine\\app\\Views\\taquilla\\principal_taquilla.php')
 3 SYSTEMPATH\View\View.php(231): CodeIgniter\View\View->CodeIgniter\View\{closure}()
 4 SYSTEMPATH\Common.php(1178): CodeIgniter\View\View->render('taquilla/principal_taquilla', [], true)
 5 APPPATH\Controllers\Taquilla.php(45): view('taquilla/principal_taquilla', [...])
 6 SYSTEMPATH\CodeIgniter.php(941): App\Controllers\Taquilla->index()
 7 SYSTEMPATH\CodeIgniter.php(502): CodeIgniter\CodeIgniter->runController(Object(App\Controllers\Taquilla))
 8 SYSTEMPATH\CodeIgniter.php(361): CodeIgniter\CodeIgniter->handleRequest(null, Object(Config\Cache), false)
 9 FCPATH\index.php(79): CodeIgniter\CodeIgniter->run()
INFO - 2024-03-29 00:33:14 --> Session: Class initialized using 'CodeIgniter\Session\Handlers\FileHandler' driver.
CRITICAL - 2024-03-29 00:33:18 --> ErrorException: Undefined variable $peliculas_activas
in APPPATH\Views\taquilla\principal_taquilla.php on line 7.
 1 APPPATH\Views\taquilla\principal_taquilla.php(7): CodeIgniter\Debug\Exceptions->errorHandler(2, 'Undefined variable $peliculas_activas', 'C:\\laragon\\www\\cine\\app\\Views\\taquilla\\principal_taquilla.php', 7)
 2 SYSTEMPATH\View\View.php(228): include('C:\\laragon\\www\\cine\\app\\Views\\taquilla\\principal_taquilla.php')
 3 SYSTEMPATH\View\View.php(231): CodeIgniter\View\View->CodeIgniter\View\{closure}()
 4 SYSTEMPATH\Common.php(1178): CodeIgniter\View\View->render('taquilla/principal_taquilla', [], true)
 5 APPPATH\Controllers\Taquilla.php(45): view('taquilla/principal_taquilla', [...])
 6 SYSTEMPATH\CodeIgniter.php(941): App\Controllers\Taquilla->index()
 7 SYSTEMPATH\CodeIgniter.php(502): CodeIgniter\CodeIgniter->runController(Object(App\Controllers\Taquilla))
 8 SYSTEMPATH\CodeIgniter.php(361): CodeIgniter\CodeIgniter->handleRequest(null, Object(Config\Cache), false)
 9 FCPATH\index.php(79): CodeIgniter\CodeIgniter->run()
INFO - 2024-03-29 00:33:55 --> Session: Class initialized using 'CodeIgniter\Session\Handlers\FileHandler' driver.
INFO - 2024-03-29 00:34:04 --> Session: Class initialized using 'CodeIgniter\Session\Handlers\FileHandler' driver.
INFO - 2024-03-29 00:34:12 --> Session: Class initialized using 'CodeIgniter\Session\Handlers\FileHandler' driver.
INFO - 2024-03-29 00:35:06 --> Session: Class initialized using 'CodeIgniter\Session\Handlers\FileHandler' driver.
INFO - 2024-03-29 00:36:08 --> Session: Class initialized using 'CodeIgniter\Session\Handlers\FileHandler' driver.
INFO - 2024-03-29 00:36:51 --> Session: Class initialized using 'CodeIgniter\Session\Handlers\FileHandler' driver.
INFO - 2024-03-29 00:39:44 --> Session: Class initialized using 'CodeIgniter\Session\Handlers\FileHandler' driver.
INFO - 2024-03-29 00:41:19 --> Session: Class initialized using 'CodeIgniter\Session\Handlers\FileHandler' driver.
INFO - 2024-03-29 00:43:28 --> Session: Class initialized using 'CodeIgniter\Session\Handlers\FileHandler' driver.
INFO - 2024-03-29 00:44:37 --> Session: Class initialized using 'CodeIgniter\Session\Handlers\FileHandler' driver.
INFO - 2024-03-29 00:45:02 --> Session: Class initialized using 'CodeIgniter\Session\Handlers\FileHandler' driver.
