CRITICAL - 2024-03-13 03:11:32 --> ErrorException: Undefined variable $cabecera
in APPPATH\Views\peliculas\principal_peliculas.php on line 2.
 1 APPPATH\Views\peliculas\principal_peliculas.php(2): CodeIgniter\Debug\Exceptions->errorHandler(2, 'Undefined variable $cabecera', 'C:\\laragon\\www\\cine\\app\\Views\\peliculas\\principal_peliculas.php', 2)
 2 SYSTEMPATH\View\View.php(228): include('C:\\laragon\\www\\cine\\app\\Views\\peliculas\\principal_peliculas.php')
 3 SYSTEMPATH\View\View.php(231): CodeIgniter\View\View->CodeIgniter\View\{closure}()
 4 SYSTEMPATH\Common.php(1178): CodeIgniter\View\View->render('peliculas/principal_peliculas', [], true)
 5 APPPATH\Controllers\Peliculas.php(9): view('peliculas/principal_peliculas')
 6 SYSTEMPATH\CodeIgniter.php(941): App\Controllers\Peliculas->index()
 7 SYSTEMPATH\CodeIgniter.php(502): CodeIgniter\CodeIgniter->runController(Object(App\Controllers\Peliculas))
 8 SYSTEMPATH\CodeIgniter.php(361): CodeIgniter\CodeIgniter->handleRequest(null, Object(Config\Cache), false)
 9 FCPATH\index.php(79): CodeIgniter\CodeIgniter->run()
CRITICAL - 2024-03-13 03:19:47 --> ParseError: syntax error, unexpected token "if"
in APPPATH\Controllers\Peliculas.php on line 20.
 1 SYSTEMPATH\Autoloader\Autoloader.php(288): CodeIgniter\Autoloader\Autoloader->includeFile('C:\\laragon\\www\\cine\\app\\Controllers\\Peliculas.php')
 2 SYSTEMPATH\Autoloader\Autoloader.php(266): CodeIgniter\Autoloader\Autoloader->loadInNamespace('App\\Controllers\\Peliculas')
 3 [internal function]: CodeIgniter\Autoloader\Autoloader->loadClass('App\\Controllers\\Peliculas')
 4 SYSTEMPATH\CodeIgniter.php(899): class_exists('\\App\\Controllers\\Peliculas', true)
 5 SYSTEMPATH\CodeIgniter.php(489): CodeIgniter\CodeIgniter->startController()
 6 SYSTEMPATH\CodeIgniter.php(361): CodeIgniter\CodeIgniter->handleRequest(null, Object(Config\Cache), false)
 7 FCPATH\index.php(79): CodeIgniter\CodeIgniter->run()
CRITICAL - 2024-03-13 03:20:21 --> ErrorException: Undefined variable $peliculas
in APPPATH\Controllers\Peliculas.php on line 39.
 1 APPPATH\Controllers\Peliculas.php(39): CodeIgniter\Debug\Exceptions->errorHandler(2, 'Undefined variable $peliculas', 'C:\\laragon\\www\\cine\\app\\Controllers\\Peliculas.php', 39)
 2 SYSTEMPATH\CodeIgniter.php(941): App\Controllers\Peliculas->index()
 3 SYSTEMPATH\CodeIgniter.php(502): CodeIgniter\CodeIgniter->runController(Object(App\Controllers\Peliculas))
 4 SYSTEMPATH\CodeIgniter.php(361): CodeIgniter\CodeIgniter->handleRequest(null, Object(Config\Cache), false)
 5 FCPATH\index.php(79): CodeIgniter\CodeIgniter->run()
CRITICAL - 2024-03-13 04:06:43 --> Error: Object of class App\Controllers\Peliculas could not be converted to string
in APPPATH\Controllers\Peliculas.php on line 72.
 1 SYSTEMPATH\CodeIgniter.php(941): App\Controllers\Peliculas->guardar_pelicula()
 2 SYSTEMPATH\CodeIgniter.php(502): CodeIgniter\CodeIgniter->runController(Object(App\Controllers\Peliculas))
 3 SYSTEMPATH\CodeIgniter.php(361): CodeIgniter\CodeIgniter->handleRequest(null, Object(Config\Cache), false)
 4 FCPATH\index.php(79): CodeIgniter\CodeIgniter->run()
ERROR - 2024-03-13 21:24:15 --> Error connecting to the database: ErrorException: mysqli::real_connect(): Error while reading greeting packet. PID=29636 in C:\laragon\www\cine\system\Database\MySQLi\Connection.php:185
Stack trace:
#0 [internal function]: CodeIgniter\Debug\Exceptions->errorHandler(2, 'mysqli::real_co...', 'C:\\laragon\\www\\...', 185)
#1 C:\laragon\www\cine\system\Database\MySQLi\Connection.php(185): mysqli->real_connect('srv867.hstgr.io', 'u954703204_dona...', 'X=Uf8TJz9~', 'u954703204_cine', 3306, '', 0)
#2 C:\laragon\www\cine\system\Database\BaseConnection.php(392): CodeIgniter\Database\MySQLi\Connection->connect(false)
#3 C:\laragon\www\cine\system\Database\BaseConnection.php(575): CodeIgniter\Database\BaseConnection->initialize()
#4 C:\laragon\www\cine\system\Database\BaseBuilder.php(1616): CodeIgniter\Database\BaseConnection->query('SELECT *\nFROM `...', Array, false)
#5 C:\laragon\www\cine\system\Model.php(270): CodeIgniter\Database\BaseBuilder->get()
#6 C:\laragon\www\cine\system\BaseModel.php(676): CodeIgniter\Model->doFirst()
#7 C:\laragon\www\cine\app\Controllers\Login.php(19): CodeIgniter\BaseModel->first()
#8 C:\laragon\www\cine\system\CodeIgniter.php(941): App\Controllers\Login->loggeo()
#9 C:\laragon\www\cine\system\CodeIgniter.php(502): CodeIgniter\CodeIgniter->runController(Object(App\Controllers\Login))
#10 C:\laragon\www\cine\system\CodeIgniter.php(361): CodeIgniter\CodeIgniter->handleRequest(NULL, Object(Config\Cache), false)
#11 C:\laragon\www\cine\public\index.php(79): CodeIgniter\CodeIgniter->run()
#12 {main}

Next mysqli_sql_exception: MySQL server has gone away in C:\laragon\www\cine\system\Database\MySQLi\Connection.php:185
Stack trace:
#0 C:\laragon\www\cine\system\Database\MySQLi\Connection.php(185): mysqli->real_connect('srv867.hstgr.io', 'u954703204_dona...', 'X=Uf8TJz9~', 'u954703204_cine', 3306, '', 0)
#1 C:\laragon\www\cine\system\Database\BaseConnection.php(392): CodeIgniter\Database\MySQLi\Connection->connect(false)
#2 C:\laragon\www\cine\system\Database\BaseConnection.php(575): CodeIgniter\Database\BaseConnection->initialize()
#3 C:\laragon\www\cine\system\Database\BaseBuilder.php(1616): CodeIgniter\Database\BaseConnection->query('SELECT *\nFROM `...', Array, false)
#4 C:\laragon\www\cine\system\Model.php(270): CodeIgniter\Database\BaseBuilder->get()
#5 C:\laragon\www\cine\system\BaseModel.php(676): CodeIgniter\Model->doFirst()
#6 C:\laragon\www\cine\app\Controllers\Login.php(19): CodeIgniter\BaseModel->first()
#7 C:\laragon\www\cine\system\CodeIgniter.php(941): App\Controllers\Login->loggeo()
#8 C:\laragon\www\cine\system\CodeIgniter.php(502): CodeIgniter\CodeIgniter->runController(Object(App\Controllers\Login))
#9 C:\laragon\www\cine\system\CodeIgniter.php(361): CodeIgniter\CodeIgniter->handleRequest(NULL, Object(Config\Cache), false)
#10 C:\laragon\www\cine\public\index.php(79): CodeIgniter\CodeIgniter->run()
#11 {main}

Next CodeIgniter\Database\Exceptions\DatabaseException: MySQL server has gone away in C:\laragon\www\cine\system\Database\MySQLi\Connection.php:229
Stack trace:
#0 C:\laragon\www\cine\system\Database\BaseConnection.php(392): CodeIgniter\Database\MySQLi\Connection->connect(false)
#1 C:\laragon\www\cine\system\Database\BaseConnection.php(575): CodeIgniter\Database\BaseConnection->initialize()
#2 C:\laragon\www\cine\system\Database\BaseBuilder.php(1616): CodeIgniter\Database\BaseConnection->query('SELECT *\nFROM `...', Array, false)
#3 C:\laragon\www\cine\system\Model.php(270): CodeIgniter\Database\BaseBuilder->get()
#4 C:\laragon\www\cine\system\BaseModel.php(676): CodeIgniter\Model->doFirst()
#5 C:\laragon\www\cine\app\Controllers\Login.php(19): CodeIgniter\BaseModel->first()
#6 C:\laragon\www\cine\system\CodeIgniter.php(941): App\Controllers\Login->loggeo()
#7 C:\laragon\www\cine\system\CodeIgniter.php(502): CodeIgniter\CodeIgniter->runController(Object(App\Controllers\Login))
#8 C:\laragon\www\cine\system\CodeIgniter.php(361): CodeIgniter\CodeIgniter->handleRequest(NULL, Object(Config\Cache), false)
#9 C:\laragon\www\cine\public\index.php(79): CodeIgniter\CodeIgniter->run()
#10 {main}
CRITICAL - 2024-03-13 21:24:15 --> CodeIgniter\Database\Exceptions\DatabaseException: Unable to connect to the database.
Main connection [MySQLi]: MySQL server has gone away
in SYSTEMPATH\Database\BaseConnection.php on line 428.
 1 SYSTEMPATH\Database\BaseConnection.php(575): CodeIgniter\Database\BaseConnection->initialize()
 2 SYSTEMPATH\Database\BaseBuilder.php(1616): CodeIgniter\Database\BaseConnection->query('SELECT *
FROM `usuarios`
WHERE `nombre_usuario` = :nombre_usuario:
 LIMIT 1', [...], false)
 3 SYSTEMPATH\Model.php(270): CodeIgniter\Database\BaseBuilder->get()
 4 SYSTEMPATH\BaseModel.php(676): CodeIgniter\Model->doFirst()
 5 APPPATH\Controllers\Login.php(19): CodeIgniter\BaseModel->first()
 6 SYSTEMPATH\CodeIgniter.php(941): App\Controllers\Login->loggeo()
 7 SYSTEMPATH\CodeIgniter.php(502): CodeIgniter\CodeIgniter->runController(Object(App\Controllers\Login))
 8 SYSTEMPATH\CodeIgniter.php(361): CodeIgniter\CodeIgniter->handleRequest(null, Object(Config\Cache), false)
 9 FCPATH\index.php(79): CodeIgniter\CodeIgniter->run()
ERROR - 2024-03-13 22:28:00 --> Error connecting to the database: mysqli_sql_exception: MySQL server has gone away in C:\laragon\www\cine\system\Database\MySQLi\Connection.php:185
Stack trace:
#0 C:\laragon\www\cine\system\Database\MySQLi\Connection.php(185): mysqli->real_connect('srv867.hstgr.io', 'u954703204_dona...', 'X=Uf8TJz9~', 'u954703204_cine', 3306, '', 0)
#1 C:\laragon\www\cine\system\Database\BaseConnection.php(392): CodeIgniter\Database\MySQLi\Connection->connect(false)
#2 C:\laragon\www\cine\system\Database\BaseConnection.php(575): CodeIgniter\Database\BaseConnection->initialize()
#3 C:\laragon\www\cine\system\Database\BaseBuilder.php(1616): CodeIgniter\Database\BaseConnection->query('SELECT *\nFROM `...', Array, false)
#4 C:\laragon\www\cine\system\Model.php(242): CodeIgniter\Database\BaseBuilder->get()
#5 C:\laragon\www\cine\system\BaseModel.php(638): CodeIgniter\Model->doFindAll(0, 0)
#6 C:\laragon\www\cine\app\Controllers\Usuarios.php(29): CodeIgniter\BaseModel->findAll()
#7 C:\laragon\www\cine\system\CodeIgniter.php(941): App\Controllers\Usuarios->usuarios_view()
#8 C:\laragon\www\cine\system\CodeIgniter.php(502): CodeIgniter\CodeIgniter->runController(Object(App\Controllers\Usuarios))
#9 C:\laragon\www\cine\system\CodeIgniter.php(361): CodeIgniter\CodeIgniter->handleRequest(NULL, Object(Config\Cache), false)
#10 C:\laragon\www\cine\public\index.php(79): CodeIgniter\CodeIgniter->run()
#11 {main}

Next CodeIgniter\Database\Exceptions\DatabaseException: MySQL server has gone away in C:\laragon\www\cine\system\Database\MySQLi\Connection.php:229
Stack trace:
#0 C:\laragon\www\cine\system\Database\BaseConnection.php(392): CodeIgniter\Database\MySQLi\Connection->connect(false)
#1 C:\laragon\www\cine\system\Database\BaseConnection.php(575): CodeIgniter\Database\BaseConnection->initialize()
#2 C:\laragon\www\cine\system\Database\BaseBuilder.php(1616): CodeIgniter\Database\BaseConnection->query('SELECT *\nFROM `...', Array, false)
#3 C:\laragon\www\cine\system\Model.php(242): CodeIgniter\Database\BaseBuilder->get()
#4 C:\laragon\www\cine\system\BaseModel.php(638): CodeIgniter\Model->doFindAll(0, 0)
#5 C:\laragon\www\cine\app\Controllers\Usuarios.php(29): CodeIgniter\BaseModel->findAll()
#6 C:\laragon\www\cine\system\CodeIgniter.php(941): App\Controllers\Usuarios->usuarios_view()
#7 C:\laragon\www\cine\system\CodeIgniter.php(502): CodeIgniter\CodeIgniter->runController(Object(App\Controllers\Usuarios))
#8 C:\laragon\www\cine\system\CodeIgniter.php(361): CodeIgniter\CodeIgniter->handleRequest(NULL, Object(Config\Cache), false)
#9 C:\laragon\www\cine\public\index.php(79): CodeIgniter\CodeIgniter->run()
#10 {main}
CRITICAL - 2024-03-13 22:28:00 --> CodeIgniter\Database\Exceptions\DatabaseException: Unable to connect to the database.
Main connection [MySQLi]: MySQL server has gone away
in SYSTEMPATH\Database\BaseConnection.php on line 428.
 1 SYSTEMPATH\Database\BaseConnection.php(575): CodeIgniter\Database\BaseConnection->initialize()
 2 SYSTEMPATH\Database\BaseBuilder.php(1616): CodeIgniter\Database\BaseConnection->query('SELECT *
FROM `usuarios`', [], false)
 3 SYSTEMPATH\Model.php(242): CodeIgniter\Database\BaseBuilder->get()
 4 SYSTEMPATH\BaseModel.php(638): CodeIgniter\Model->doFindAll(0, 0)
 5 APPPATH\Controllers\Usuarios.php(29): CodeIgniter\BaseModel->findAll()
 6 SYSTEMPATH\CodeIgniter.php(941): App\Controllers\Usuarios->usuarios_view()
 7 SYSTEMPATH\CodeIgniter.php(502): CodeIgniter\CodeIgniter->runController(Object(App\Controllers\Usuarios))
 8 SYSTEMPATH\CodeIgniter.php(361): CodeIgniter\CodeIgniter->handleRequest(null, Object(Config\Cache), false)
 9 FCPATH\index.php(79): CodeIgniter\CodeIgniter->run()
