CRITICAL - 2024-02-26 01:39:26 --> CodeIgniter\View\Exceptions\ViewException: Invalid file: "usuarios.php"
in SYSTEMPATH\Exceptions\FrameworkException.php on line 39.
 1 SYSTEMPATH\View\View.php(216): CodeIgniter\Exceptions\FrameworkException::forInvalidFile('usuarios.php')
 2 SYSTEMPATH\Common.php(1178): CodeIgniter\View\View->render('usuarios', [], true)
 3 APPPATH\Controllers\Usuarios.php(17): view('usuarios', [...])
 4 SYSTEMPATH\CodeIgniter.php(941): App\Controllers\Usuarios->usuarios_view()
 5 SYSTEMPATH\CodeIgniter.php(502): CodeIgniter\CodeIgniter->runController(Object(App\Controllers\Usuarios))
 6 SYSTEMPATH\CodeIgniter.php(361): CodeIgniter\CodeIgniter->handleRequest(null, Object(Config\Cache), false)
 7 FCPATH\index.php(79): CodeIgniter\CodeIgniter->run()
CRITICAL - 2024-02-26 01:39:26 --> CodeIgniter\View\Exceptions\ViewException: Invalid file: "usuarios.php"
in SYSTEMPATH\Exceptions\FrameworkException.php on line 39.
 1 SYSTEMPATH\View\View.php(216): CodeIgniter\Exceptions\FrameworkException::forInvalidFile('usuarios.php')
 2 SYSTEMPATH\Common.php(1178): CodeIgniter\View\View->render('usuarios', [], true)
 3 APPPATH\Controllers\Usuarios.php(17): view('usuarios', [...])
 4 SYSTEMPATH\CodeIgniter.php(941): App\Controllers\Usuarios->usuarios_view()
 5 SYSTEMPATH\CodeIgniter.php(502): CodeIgniter\CodeIgniter->runController(Object(App\Controllers\Usuarios))
 6 SYSTEMPATH\CodeIgniter.php(361): CodeIgniter\CodeIgniter->handleRequest(null, Object(Config\Cache), false)
 7 FCPATH\index.php(79): CodeIgniter\CodeIgniter->run()
CRITICAL - 2024-02-26 01:39:26 --> CodeIgniter\View\Exceptions\ViewException: Invalid file: "usuarios.php"
in SYSTEMPATH\Exceptions\FrameworkException.php on line 39.
 1 SYSTEMPATH\View\View.php(216): CodeIgniter\Exceptions\FrameworkException::forInvalidFile('usuarios.php')
 2 SYSTEMPATH\Common.php(1178): CodeIgniter\View\View->render('usuarios', [], true)
 3 APPPATH\Controllers\Usuarios.php(17): view('usuarios', [...])
 4 SYSTEMPATH\CodeIgniter.php(941): App\Controllers\Usuarios->usuarios_view()
 5 SYSTEMPATH\CodeIgniter.php(502): CodeIgniter\CodeIgniter->runController(Object(App\Controllers\Usuarios))
 6 SYSTEMPATH\CodeIgniter.php(361): CodeIgniter\CodeIgniter->handleRequest(null, Object(Config\Cache), false)
 7 FCPATH\index.php(79): CodeIgniter\CodeIgniter->run()
CRITICAL - 2024-02-26 01:41:29 --> CodeIgniter\View\Exceptions\ViewException: Invalid file: "usuarios.php"
in SYSTEMPATH\Exceptions\FrameworkException.php on line 39.
 1 SYSTEMPATH\View\View.php(216): CodeIgniter\Exceptions\FrameworkException::forInvalidFile('usuarios.php')
 2 SYSTEMPATH\Common.php(1178): CodeIgniter\View\View->render('usuarios', [], true)
 3 APPPATH\Controllers\Usuarios.php(17): view('usuarios', [...])
 4 SYSTEMPATH\CodeIgniter.php(941): App\Controllers\Usuarios->usuarios_view()
 5 SYSTEMPATH\CodeIgniter.php(502): CodeIgniter\CodeIgniter->runController(Object(App\Controllers\Usuarios))
 6 SYSTEMPATH\CodeIgniter.php(361): CodeIgniter\CodeIgniter->handleRequest(null, Object(Config\Cache), false)
 7 FCPATH\index.php(79): CodeIgniter\CodeIgniter->run()
CRITICAL - 2024-02-26 02:05:44 --> ErrorException: Undefined variable $usuarios
in APPPATH\Views\usuarios\crud_usuarios.php on line 15.
 1 APPPATH\Views\usuarios\crud_usuarios.php(15): CodeIgniter\Debug\Exceptions->errorHandler(2, 'Undefined variable $usuarios', 'C:\\laragon\\www\\cine\\app\\Views\\usuarios\\crud_usuarios.php', 15)
 2 SYSTEMPATH\View\View.php(228): include('C:\\laragon\\www\\cine\\app\\Views\\usuarios\\crud_usuarios.php')
 3 SYSTEMPATH\View\View.php(231): CodeIgniter\View\View->CodeIgniter\View\{closure}()
 4 SYSTEMPATH\Common.php(1178): CodeIgniter\View\View->render('usuarios/crud_usuarios', [], true)
 5 APPPATH\Controllers\Usuarios.php(17): view('usuarios/crud_usuarios', [...])
 6 SYSTEMPATH\CodeIgniter.php(941): App\Controllers\Usuarios->usuarios_view()
 7 SYSTEMPATH\CodeIgniter.php(502): CodeIgniter\CodeIgniter->runController(Object(App\Controllers\Usuarios))
 8 SYSTEMPATH\CodeIgniter.php(361): CodeIgniter\CodeIgniter->handleRequest(null, Object(Config\Cache), false)
 9 FCPATH\index.php(79): CodeIgniter\CodeIgniter->run()
CRITICAL - 2024-02-26 02:05:44 --> ErrorException: Undefined variable $usuarios
in APPPATH\Views\usuarios\crud_usuarios.php on line 15.
 1 APPPATH\Views\usuarios\crud_usuarios.php(15): CodeIgniter\Debug\Exceptions->errorHandler(2, 'Undefined variable $usuarios', 'C:\\laragon\\www\\cine\\app\\Views\\usuarios\\crud_usuarios.php', 15)
 2 SYSTEMPATH\View\View.php(228): include('C:\\laragon\\www\\cine\\app\\Views\\usuarios\\crud_usuarios.php')
 3 SYSTEMPATH\View\View.php(231): CodeIgniter\View\View->CodeIgniter\View\{closure}()
 4 SYSTEMPATH\Common.php(1178): CodeIgniter\View\View->render('usuarios/crud_usuarios', [], true)
 5 APPPATH\Controllers\Usuarios.php(17): view('usuarios/crud_usuarios', [...])
 6 SYSTEMPATH\CodeIgniter.php(941): App\Controllers\Usuarios->usuarios_view()
 7 SYSTEMPATH\CodeIgniter.php(502): CodeIgniter\CodeIgniter->runController(Object(App\Controllers\Usuarios))
 8 SYSTEMPATH\CodeIgniter.php(361): CodeIgniter\CodeIgniter->handleRequest(null, Object(Config\Cache), false)
 9 FCPATH\index.php(79): CodeIgniter\CodeIgniter->run()
CRITICAL - 2024-02-26 02:09:08 --> ErrorException: Undefined variable $usuarios
in APPPATH\Views\usuarios\crud_usuarios.php on line 15.
 1 APPPATH\Views\usuarios\crud_usuarios.php(15): CodeIgniter\Debug\Exceptions->errorHandler(2, 'Undefined variable $usuarios', 'C:\\laragon\\www\\cine\\app\\Views\\usuarios\\crud_usuarios.php', 15)
 2 SYSTEMPATH\View\View.php(228): include('C:\\laragon\\www\\cine\\app\\Views\\usuarios\\crud_usuarios.php')
 3 SYSTEMPATH\View\View.php(231): CodeIgniter\View\View->CodeIgniter\View\{closure}()
 4 SYSTEMPATH\Common.php(1178): CodeIgniter\View\View->render('usuarios/crud_usuarios', [], true)
 5 APPPATH\Controllers\Usuarios.php(17): view('usuarios/crud_usuarios', [...])
 6 SYSTEMPATH\CodeIgniter.php(941): App\Controllers\Usuarios->usuarios_view()
 7 SYSTEMPATH\CodeIgniter.php(502): CodeIgniter\CodeIgniter->runController(Object(App\Controllers\Usuarios))
 8 SYSTEMPATH\CodeIgniter.php(361): CodeIgniter\CodeIgniter->handleRequest(null, Object(Config\Cache), false)
 9 FCPATH\index.php(79): CodeIgniter\CodeIgniter->run()
CRITICAL - 2024-02-26 02:27:20 --> ErrorException: Undefined variable $usuario
in APPPATH\Views\usuarios\insertar_usuario.php on line 55.
 1 APPPATH\Views\usuarios\insertar_usuario.php(55): CodeIgniter\Debug\Exceptions->errorHandler(2, 'Undefined variable $usuario', 'C:\\laragon\\www\\cine\\app\\Views\\usuarios\\insertar_usuario.php', 55)
 2 SYSTEMPATH\View\View.php(228): include('C:\\laragon\\www\\cine\\app\\Views\\usuarios\\insertar_usuario.php')
 3 SYSTEMPATH\View\View.php(231): CodeIgniter\View\View->CodeIgniter\View\{closure}()
 4 SYSTEMPATH\Common.php(1178): CodeIgniter\View\View->render('usuarios/insertar_usuario', [], true)
 5 APPPATH\Controllers\Usuarios.php(23): view('usuarios/insertar_usuario', [...])
 6 SYSTEMPATH\CodeIgniter.php(941): App\Controllers\Usuarios->crear_usuario_view()
 7 SYSTEMPATH\CodeIgniter.php(502): CodeIgniter\CodeIgniter->runController(Object(App\Controllers\Usuarios))
 8 SYSTEMPATH\CodeIgniter.php(361): CodeIgniter\CodeIgniter->handleRequest(null, Object(Config\Cache), false)
 9 FCPATH\index.php(79): CodeIgniter\CodeIgniter->run()
CRITICAL - 2024-02-26 02:27:20 --> ErrorException: Undefined variable $usuario
in APPPATH\Views\usuarios\insertar_usuario.php on line 55.
 1 APPPATH\Views\usuarios\insertar_usuario.php(55): CodeIgniter\Debug\Exceptions->errorHandler(2, 'Undefined variable $usuario', 'C:\\laragon\\www\\cine\\app\\Views\\usuarios\\insertar_usuario.php', 55)
 2 SYSTEMPATH\View\View.php(228): include('C:\\laragon\\www\\cine\\app\\Views\\usuarios\\insertar_usuario.php')
 3 SYSTEMPATH\View\View.php(231): CodeIgniter\View\View->CodeIgniter\View\{closure}()
 4 SYSTEMPATH\Common.php(1178): CodeIgniter\View\View->render('usuarios/insertar_usuario', [], true)
 5 APPPATH\Controllers\Usuarios.php(23): view('usuarios/insertar_usuario', [...])
 6 SYSTEMPATH\CodeIgniter.php(941): App\Controllers\Usuarios->crear_usuario_view()
 7 SYSTEMPATH\CodeIgniter.php(502): CodeIgniter\CodeIgniter->runController(Object(App\Controllers\Usuarios))
 8 SYSTEMPATH\CodeIgniter.php(361): CodeIgniter\CodeIgniter->handleRequest(null, Object(Config\Cache), false)
 9 FCPATH\index.php(79): CodeIgniter\CodeIgniter->run()
CRITICAL - 2024-02-26 02:27:20 --> ErrorException: Undefined variable $usuario
in APPPATH\Views\usuarios\insertar_usuario.php on line 55.
 1 APPPATH\Views\usuarios\insertar_usuario.php(55): CodeIgniter\Debug\Exceptions->errorHandler(2, 'Undefined variable $usuario', 'C:\\laragon\\www\\cine\\app\\Views\\usuarios\\insertar_usuario.php', 55)
 2 SYSTEMPATH\View\View.php(228): include('C:\\laragon\\www\\cine\\app\\Views\\usuarios\\insertar_usuario.php')
 3 SYSTEMPATH\View\View.php(231): CodeIgniter\View\View->CodeIgniter\View\{closure}()
 4 SYSTEMPATH\Common.php(1178): CodeIgniter\View\View->render('usuarios/insertar_usuario', [], true)
 5 APPPATH\Controllers\Usuarios.php(23): view('usuarios/insertar_usuario', [...])
 6 SYSTEMPATH\CodeIgniter.php(941): App\Controllers\Usuarios->crear_usuario_view()
 7 SYSTEMPATH\CodeIgniter.php(502): CodeIgniter\CodeIgniter->runController(Object(App\Controllers\Usuarios))
 8 SYSTEMPATH\CodeIgniter.php(361): CodeIgniter\CodeIgniter->handleRequest(null, Object(Config\Cache), false)
 9 FCPATH\index.php(79): CodeIgniter\CodeIgniter->run()
CRITICAL - 2024-02-26 03:17:01 --> ErrorException: Undefined variable $usuarios
in APPPATH\Views\usuarios\crud_usuarios.php on line 13.
 1 APPPATH\Views\usuarios\crud_usuarios.php(13): CodeIgniter\Debug\Exceptions->errorHandler(2, 'Undefined variable $usuarios', 'C:\\laragon\\www\\cine\\app\\Views\\usuarios\\crud_usuarios.php', 13)
 2 SYSTEMPATH\View\View.php(228): include('C:\\laragon\\www\\cine\\app\\Views\\usuarios\\crud_usuarios.php')
 3 SYSTEMPATH\View\View.php(231): CodeIgniter\View\View->CodeIgniter\View\{closure}()
 4 SYSTEMPATH\Common.php(1178): CodeIgniter\View\View->render('usuarios/crud_usuarios', [], true)
 5 APPPATH\Controllers\Usuarios.php(17): view('usuarios/crud_usuarios', [...])
 6 SYSTEMPATH\CodeIgniter.php(941): App\Controllers\Usuarios->usuarios_view()
 7 SYSTEMPATH\CodeIgniter.php(502): CodeIgniter\CodeIgniter->runController(Object(App\Controllers\Usuarios))
 8 SYSTEMPATH\CodeIgniter.php(361): CodeIgniter\CodeIgniter->handleRequest(null, Object(Config\Cache), false)
 9 FCPATH\index.php(79): CodeIgniter\CodeIgniter->run()
CRITICAL - 2024-02-26 03:17:06 --> ErrorException: Undefined variable $usuarios
in APPPATH\Views\usuarios\crud_usuarios.php on line 13.
 1 APPPATH\Views\usuarios\crud_usuarios.php(13): CodeIgniter\Debug\Exceptions->errorHandler(2, 'Undefined variable $usuarios', 'C:\\laragon\\www\\cine\\app\\Views\\usuarios\\crud_usuarios.php', 13)
 2 SYSTEMPATH\View\View.php(228): include('C:\\laragon\\www\\cine\\app\\Views\\usuarios\\crud_usuarios.php')
 3 SYSTEMPATH\View\View.php(231): CodeIgniter\View\View->CodeIgniter\View\{closure}()
 4 SYSTEMPATH\Common.php(1178): CodeIgniter\View\View->render('usuarios/crud_usuarios', [], true)
 5 APPPATH\Controllers\Usuarios.php(17): view('usuarios/crud_usuarios', [...])
 6 SYSTEMPATH\CodeIgniter.php(941): App\Controllers\Usuarios->usuarios_view()
 7 SYSTEMPATH\CodeIgniter.php(502): CodeIgniter\CodeIgniter->runController(Object(App\Controllers\Usuarios))
 8 SYSTEMPATH\CodeIgniter.php(361): CodeIgniter\CodeIgniter->handleRequest(null, Object(Config\Cache), false)
 9 FCPATH\index.php(79): CodeIgniter\CodeIgniter->run()
CRITICAL - 2024-02-26 03:17:25 --> ErrorException: Undefined variable $usuarios
in APPPATH\Views\usuarios\crud_usuarios.php on line 13.
 1 APPPATH\Views\usuarios\crud_usuarios.php(13): CodeIgniter\Debug\Exceptions->errorHandler(2, 'Undefined variable $usuarios', 'C:\\laragon\\www\\cine\\app\\Views\\usuarios\\crud_usuarios.php', 13)
 2 SYSTEMPATH\View\View.php(228): include('C:\\laragon\\www\\cine\\app\\Views\\usuarios\\crud_usuarios.php')
 3 SYSTEMPATH\View\View.php(231): CodeIgniter\View\View->CodeIgniter\View\{closure}()
 4 SYSTEMPATH\Common.php(1178): CodeIgniter\View\View->render('usuarios/crud_usuarios', [], true)
 5 APPPATH\Controllers\Usuarios.php(17): view('usuarios/crud_usuarios', [...])
 6 SYSTEMPATH\CodeIgniter.php(941): App\Controllers\Usuarios->usuarios_view()
 7 SYSTEMPATH\CodeIgniter.php(502): CodeIgniter\CodeIgniter->runController(Object(App\Controllers\Usuarios))
 8 SYSTEMPATH\CodeIgniter.php(361): CodeIgniter\CodeIgniter->handleRequest(null, Object(Config\Cache), false)
 9 FCPATH\index.php(79): CodeIgniter\CodeIgniter->run()
CRITICAL - 2024-02-26 03:17:26 --> ErrorException: Undefined variable $usuarios
in APPPATH\Views\usuarios\crud_usuarios.php on line 13.
 1 APPPATH\Views\usuarios\crud_usuarios.php(13): CodeIgniter\Debug\Exceptions->errorHandler(2, 'Undefined variable $usuarios', 'C:\\laragon\\www\\cine\\app\\Views\\usuarios\\crud_usuarios.php', 13)
 2 SYSTEMPATH\View\View.php(228): include('C:\\laragon\\www\\cine\\app\\Views\\usuarios\\crud_usuarios.php')
 3 SYSTEMPATH\View\View.php(231): CodeIgniter\View\View->CodeIgniter\View\{closure}()
 4 SYSTEMPATH\Common.php(1178): CodeIgniter\View\View->render('usuarios/crud_usuarios', [], true)
 5 APPPATH\Controllers\Usuarios.php(17): view('usuarios/crud_usuarios', [...])
 6 SYSTEMPATH\CodeIgniter.php(941): App\Controllers\Usuarios->usuarios_view()
 7 SYSTEMPATH\CodeIgniter.php(502): CodeIgniter\CodeIgniter->runController(Object(App\Controllers\Usuarios))
 8 SYSTEMPATH\CodeIgniter.php(361): CodeIgniter\CodeIgniter->handleRequest(null, Object(Config\Cache), false)
 9 FCPATH\index.php(79): CodeIgniter\CodeIgniter->run()
CRITICAL - 2024-02-26 03:17:26 --> ErrorException: Undefined variable $usuarios
in APPPATH\Views\usuarios\crud_usuarios.php on line 13.
 1 APPPATH\Views\usuarios\crud_usuarios.php(13): CodeIgniter\Debug\Exceptions->errorHandler(2, 'Undefined variable $usuarios', 'C:\\laragon\\www\\cine\\app\\Views\\usuarios\\crud_usuarios.php', 13)
 2 SYSTEMPATH\View\View.php(228): include('C:\\laragon\\www\\cine\\app\\Views\\usuarios\\crud_usuarios.php')
 3 SYSTEMPATH\View\View.php(231): CodeIgniter\View\View->CodeIgniter\View\{closure}()
 4 SYSTEMPATH\Common.php(1178): CodeIgniter\View\View->render('usuarios/crud_usuarios', [], true)
 5 APPPATH\Controllers\Usuarios.php(17): view('usuarios/crud_usuarios', [...])
 6 SYSTEMPATH\CodeIgniter.php(941): App\Controllers\Usuarios->usuarios_view()
 7 SYSTEMPATH\CodeIgniter.php(502): CodeIgniter\CodeIgniter->runController(Object(App\Controllers\Usuarios))
 8 SYSTEMPATH\CodeIgniter.php(361): CodeIgniter\CodeIgniter->handleRequest(null, Object(Config\Cache), false)
 9 FCPATH\index.php(79): CodeIgniter\CodeIgniter->run()
CRITICAL - 2024-02-26 03:17:26 --> ErrorException: Undefined variable $usuarios
in APPPATH\Views\usuarios\crud_usuarios.php on line 13.
 1 APPPATH\Views\usuarios\crud_usuarios.php(13): CodeIgniter\Debug\Exceptions->errorHandler(2, 'Undefined variable $usuarios', 'C:\\laragon\\www\\cine\\app\\Views\\usuarios\\crud_usuarios.php', 13)
 2 SYSTEMPATH\View\View.php(228): include('C:\\laragon\\www\\cine\\app\\Views\\usuarios\\crud_usuarios.php')
 3 SYSTEMPATH\View\View.php(231): CodeIgniter\View\View->CodeIgniter\View\{closure}()
 4 SYSTEMPATH\Common.php(1178): CodeIgniter\View\View->render('usuarios/crud_usuarios', [], true)
 5 APPPATH\Controllers\Usuarios.php(17): view('usuarios/crud_usuarios', [...])
 6 SYSTEMPATH\CodeIgniter.php(941): App\Controllers\Usuarios->usuarios_view()
 7 SYSTEMPATH\CodeIgniter.php(502): CodeIgniter\CodeIgniter->runController(Object(App\Controllers\Usuarios))
 8 SYSTEMPATH\CodeIgniter.php(361): CodeIgniter\CodeIgniter->handleRequest(null, Object(Config\Cache), false)
 9 FCPATH\index.php(79): CodeIgniter\CodeIgniter->run()
CRITICAL - 2024-02-26 03:17:27 --> ErrorException: Undefined variable $usuarios
in APPPATH\Views\usuarios\crud_usuarios.php on line 13.
 1 APPPATH\Views\usuarios\crud_usuarios.php(13): CodeIgniter\Debug\Exceptions->errorHandler(2, 'Undefined variable $usuarios', 'C:\\laragon\\www\\cine\\app\\Views\\usuarios\\crud_usuarios.php', 13)
 2 SYSTEMPATH\View\View.php(228): include('C:\\laragon\\www\\cine\\app\\Views\\usuarios\\crud_usuarios.php')
 3 SYSTEMPATH\View\View.php(231): CodeIgniter\View\View->CodeIgniter\View\{closure}()
 4 SYSTEMPATH\Common.php(1178): CodeIgniter\View\View->render('usuarios/crud_usuarios', [], true)
 5 APPPATH\Controllers\Usuarios.php(17): view('usuarios/crud_usuarios', [...])
 6 SYSTEMPATH\CodeIgniter.php(941): App\Controllers\Usuarios->usuarios_view()
 7 SYSTEMPATH\CodeIgniter.php(502): CodeIgniter\CodeIgniter->runController(Object(App\Controllers\Usuarios))
 8 SYSTEMPATH\CodeIgniter.php(361): CodeIgniter\CodeIgniter->handleRequest(null, Object(Config\Cache), false)
 9 FCPATH\index.php(79): CodeIgniter\CodeIgniter->run()
CRITICAL - 2024-02-26 03:17:27 --> ErrorException: Undefined variable $usuarios
in APPPATH\Views\usuarios\crud_usuarios.php on line 13.
 1 APPPATH\Views\usuarios\crud_usuarios.php(13): CodeIgniter\Debug\Exceptions->errorHandler(2, 'Undefined variable $usuarios', 'C:\\laragon\\www\\cine\\app\\Views\\usuarios\\crud_usuarios.php', 13)
 2 SYSTEMPATH\View\View.php(228): include('C:\\laragon\\www\\cine\\app\\Views\\usuarios\\crud_usuarios.php')
 3 SYSTEMPATH\View\View.php(231): CodeIgniter\View\View->CodeIgniter\View\{closure}()
 4 SYSTEMPATH\Common.php(1178): CodeIgniter\View\View->render('usuarios/crud_usuarios', [], true)
 5 APPPATH\Controllers\Usuarios.php(17): view('usuarios/crud_usuarios', [...])
 6 SYSTEMPATH\CodeIgniter.php(941): App\Controllers\Usuarios->usuarios_view()
 7 SYSTEMPATH\CodeIgniter.php(502): CodeIgniter\CodeIgniter->runController(Object(App\Controllers\Usuarios))
 8 SYSTEMPATH\CodeIgniter.php(361): CodeIgniter\CodeIgniter->handleRequest(null, Object(Config\Cache), false)
 9 FCPATH\index.php(79): CodeIgniter\CodeIgniter->run()
CRITICAL - 2024-02-26 03:17:27 --> ErrorException: Undefined variable $usuarios
in APPPATH\Views\usuarios\crud_usuarios.php on line 13.
 1 APPPATH\Views\usuarios\crud_usuarios.php(13): CodeIgniter\Debug\Exceptions->errorHandler(2, 'Undefined variable $usuarios', 'C:\\laragon\\www\\cine\\app\\Views\\usuarios\\crud_usuarios.php', 13)
 2 SYSTEMPATH\View\View.php(228): include('C:\\laragon\\www\\cine\\app\\Views\\usuarios\\crud_usuarios.php')
 3 SYSTEMPATH\View\View.php(231): CodeIgniter\View\View->CodeIgniter\View\{closure}()
 4 SYSTEMPATH\Common.php(1178): CodeIgniter\View\View->render('usuarios/crud_usuarios', [], true)
 5 APPPATH\Controllers\Usuarios.php(17): view('usuarios/crud_usuarios', [...])
 6 SYSTEMPATH\CodeIgniter.php(941): App\Controllers\Usuarios->usuarios_view()
 7 SYSTEMPATH\CodeIgniter.php(502): CodeIgniter\CodeIgniter->runController(Object(App\Controllers\Usuarios))
 8 SYSTEMPATH\CodeIgniter.php(361): CodeIgniter\CodeIgniter->handleRequest(null, Object(Config\Cache), false)
 9 FCPATH\index.php(79): CodeIgniter\CodeIgniter->run()
CRITICAL - 2024-02-26 03:19:02 --> ErrorException: Undefined variable $usuarios
in APPPATH\Views\usuarios\crud_usuarios.php on line 15.
 1 APPPATH\Views\usuarios\crud_usuarios.php(15): CodeIgniter\Debug\Exceptions->errorHandler(2, 'Undefined variable $usuarios', 'C:\\laragon\\www\\cine\\app\\Views\\usuarios\\crud_usuarios.php', 15)
 2 SYSTEMPATH\View\View.php(228): include('C:\\laragon\\www\\cine\\app\\Views\\usuarios\\crud_usuarios.php')
 3 SYSTEMPATH\View\View.php(231): CodeIgniter\View\View->CodeIgniter\View\{closure}()
 4 SYSTEMPATH\Common.php(1178): CodeIgniter\View\View->render('usuarios/crud_usuarios', [], true)
 5 APPPATH\Controllers\Usuarios.php(17): view('usuarios/crud_usuarios', [...])
 6 SYSTEMPATH\CodeIgniter.php(941): App\Controllers\Usuarios->usuarios_view()
 7 SYSTEMPATH\CodeIgniter.php(502): CodeIgniter\CodeIgniter->runController(Object(App\Controllers\Usuarios))
 8 SYSTEMPATH\CodeIgniter.php(361): CodeIgniter\CodeIgniter->handleRequest(null, Object(Config\Cache), false)
 9 FCPATH\index.php(79): CodeIgniter\CodeIgniter->run()
CRITICAL - 2024-02-26 03:19:02 --> ErrorException: Undefined variable $usuarios
in APPPATH\Views\usuarios\crud_usuarios.php on line 15.
 1 APPPATH\Views\usuarios\crud_usuarios.php(15): CodeIgniter\Debug\Exceptions->errorHandler(2, 'Undefined variable $usuarios', 'C:\\laragon\\www\\cine\\app\\Views\\usuarios\\crud_usuarios.php', 15)
 2 SYSTEMPATH\View\View.php(228): include('C:\\laragon\\www\\cine\\app\\Views\\usuarios\\crud_usuarios.php')
 3 SYSTEMPATH\View\View.php(231): CodeIgniter\View\View->CodeIgniter\View\{closure}()
 4 SYSTEMPATH\Common.php(1178): CodeIgniter\View\View->render('usuarios/crud_usuarios', [], true)
 5 APPPATH\Controllers\Usuarios.php(17): view('usuarios/crud_usuarios', [...])
 6 SYSTEMPATH\CodeIgniter.php(941): App\Controllers\Usuarios->usuarios_view()
 7 SYSTEMPATH\CodeIgniter.php(502): CodeIgniter\CodeIgniter->runController(Object(App\Controllers\Usuarios))
 8 SYSTEMPATH\CodeIgniter.php(361): CodeIgniter\CodeIgniter->handleRequest(null, Object(Config\Cache), false)
 9 FCPATH\index.php(79): CodeIgniter\CodeIgniter->run()
CRITICAL - 2024-02-26 03:19:06 --> ErrorException: Undefined variable $usuarios
in APPPATH\Views\usuarios\crud_usuarios.php on line 15.
 1 APPPATH\Views\usuarios\crud_usuarios.php(15): CodeIgniter\Debug\Exceptions->errorHandler(2, 'Undefined variable $usuarios', 'C:\\laragon\\www\\cine\\app\\Views\\usuarios\\crud_usuarios.php', 15)
 2 SYSTEMPATH\View\View.php(228): include('C:\\laragon\\www\\cine\\app\\Views\\usuarios\\crud_usuarios.php')
 3 SYSTEMPATH\View\View.php(231): CodeIgniter\View\View->CodeIgniter\View\{closure}()
 4 SYSTEMPATH\Common.php(1178): CodeIgniter\View\View->render('usuarios/crud_usuarios', [], true)
 5 APPPATH\Controllers\Usuarios.php(17): view('usuarios/crud_usuarios', [...])
 6 SYSTEMPATH\CodeIgniter.php(941): App\Controllers\Usuarios->usuarios_view()
 7 SYSTEMPATH\CodeIgniter.php(502): CodeIgniter\CodeIgniter->runController(Object(App\Controllers\Usuarios))
 8 SYSTEMPATH\CodeIgniter.php(361): CodeIgniter\CodeIgniter->handleRequest(null, Object(Config\Cache), false)
 9 FCPATH\index.php(79): CodeIgniter\CodeIgniter->run()
CRITICAL - 2024-02-26 03:19:56 --> ErrorException: Undefined variable $usuarios
in APPPATH\Views\usuarios\crud_usuarios.php on line 15.
 1 APPPATH\Views\usuarios\crud_usuarios.php(15): CodeIgniter\Debug\Exceptions->errorHandler(2, 'Undefined variable $usuarios', 'C:\\laragon\\www\\cine\\app\\Views\\usuarios\\crud_usuarios.php', 15)
 2 SYSTEMPATH\View\View.php(228): include('C:\\laragon\\www\\cine\\app\\Views\\usuarios\\crud_usuarios.php')
 3 SYSTEMPATH\View\View.php(231): CodeIgniter\View\View->CodeIgniter\View\{closure}()
 4 SYSTEMPATH\Common.php(1178): CodeIgniter\View\View->render('usuarios/crud_usuarios', [], true)
 5 APPPATH\Controllers\Usuarios.php(17): view('usuarios/crud_usuarios', [...])
 6 SYSTEMPATH\CodeIgniter.php(941): App\Controllers\Usuarios->usuarios_view()
 7 SYSTEMPATH\CodeIgniter.php(502): CodeIgniter\CodeIgniter->runController(Object(App\Controllers\Usuarios))
 8 SYSTEMPATH\CodeIgniter.php(361): CodeIgniter\CodeIgniter->handleRequest(null, Object(Config\Cache), false)
 9 FCPATH\index.php(79): CodeIgniter\CodeIgniter->run()
CRITICAL - 2024-02-26 03:20:00 --> ErrorException: Undefined variable $usuarios
in APPPATH\Views\usuarios\crud_usuarios.php on line 15.
 1 APPPATH\Views\usuarios\crud_usuarios.php(15): CodeIgniter\Debug\Exceptions->errorHandler(2, 'Undefined variable $usuarios', 'C:\\laragon\\www\\cine\\app\\Views\\usuarios\\crud_usuarios.php', 15)
 2 SYSTEMPATH\View\View.php(228): include('C:\\laragon\\www\\cine\\app\\Views\\usuarios\\crud_usuarios.php')
 3 SYSTEMPATH\View\View.php(231): CodeIgniter\View\View->CodeIgniter\View\{closure}()
 4 SYSTEMPATH\Common.php(1178): CodeIgniter\View\View->render('usuarios/crud_usuarios', [], true)
 5 APPPATH\Controllers\Usuarios.php(17): view('usuarios/crud_usuarios', [...])
 6 SYSTEMPATH\CodeIgniter.php(941): App\Controllers\Usuarios->usuarios_view()
 7 SYSTEMPATH\CodeIgniter.php(502): CodeIgniter\CodeIgniter->runController(Object(App\Controllers\Usuarios))
 8 SYSTEMPATH\CodeIgniter.php(361): CodeIgniter\CodeIgniter->handleRequest(null, Object(Config\Cache), false)
 9 FCPATH\index.php(79): CodeIgniter\CodeIgniter->run()
ERROR - 2024-02-26 03:21:28 --> mysqli_sql_exception: Unknown column 'id' in 'order clause' in C:\laragon\www\cine\system\Database\MySQLi\Connection.php:306
Stack trace:
#0 C:\laragon\www\cine\system\Database\MySQLi\Connection.php(306): mysqli->query('SELECT *\nFROM `...', 0)
#1 C:\laragon\www\cine\system\Database\BaseConnection.php(693): CodeIgniter\Database\MySQLi\Connection->execute('SELECT *\nFROM `...')
#2 C:\laragon\www\cine\system\Database\BaseConnection.php(607): CodeIgniter\Database\BaseConnection->simpleQuery('SELECT *\nFROM `...')
#3 C:\laragon\www\cine\system\Database\BaseBuilder.php(1616): CodeIgniter\Database\BaseConnection->query('SELECT *\nFROM `...', Array, false)
#4 C:\laragon\www\cine\system\Model.php(242): CodeIgniter\Database\BaseBuilder->get()
#5 C:\laragon\www\cine\system\BaseModel.php(638): CodeIgniter\Model->doFindAll(0, 0)
#6 C:\laragon\www\cine\app\Controllers\Usuarios.php(16): CodeIgniter\BaseModel->findAll()
#7 C:\laragon\www\cine\system\CodeIgniter.php(941): App\Controllers\Usuarios->usuarios_view()
#8 C:\laragon\www\cine\system\CodeIgniter.php(502): CodeIgniter\CodeIgniter->runController(Object(App\Controllers\Usuarios))
#9 C:\laragon\www\cine\system\CodeIgniter.php(361): CodeIgniter\CodeIgniter->handleRequest(NULL, Object(Config\Cache), false)
#10 C:\laragon\www\cine\public\index.php(79): CodeIgniter\CodeIgniter->run()
#11 {main}
CRITICAL - 2024-02-26 03:21:28 --> CodeIgniter\Database\Exceptions\DatabaseException: Unknown column 'id' in 'order clause'
in SYSTEMPATH\Database\BaseConnection.php on line 647.
 1 SYSTEMPATH\Database\BaseBuilder.php(1616): CodeIgniter\Database\BaseConnection->query('SELECT *
FROM `usuarios`
ORDER BY `id` ASC', [], false)
 2 SYSTEMPATH\Model.php(242): CodeIgniter\Database\BaseBuilder->get()
 3 SYSTEMPATH\BaseModel.php(638): CodeIgniter\Model->doFindAll(0, 0)
 4 APPPATH\Controllers\Usuarios.php(16): CodeIgniter\BaseModel->findAll()
 5 SYSTEMPATH\CodeIgniter.php(941): App\Controllers\Usuarios->usuarios_view()
 6 SYSTEMPATH\CodeIgniter.php(502): CodeIgniter\CodeIgniter->runController(Object(App\Controllers\Usuarios))
 7 SYSTEMPATH\CodeIgniter.php(361): CodeIgniter\CodeIgniter->handleRequest(null, Object(Config\Cache), false)
 8 FCPATH\index.php(79): CodeIgniter\CodeIgniter->run()
CRITICAL - 2024-02-26 03:21:28 --> [Caused by] CodeIgniter\Database\Exceptions\DatabaseException: Unknown column 'id' in 'order clause'
in SYSTEMPATH\Database\MySQLi\Connection.php on line 311.
 1 SYSTEMPATH\Database\BaseConnection.php(693): CodeIgniter\Database\MySQLi\Connection->execute('SELECT *
FROM `usuarios`
ORDER BY `id` ASC')
 2 SYSTEMPATH\Database\BaseConnection.php(607): CodeIgniter\Database\BaseConnection->simpleQuery('SELECT *
FROM `usuarios`
ORDER BY `id` ASC')
 3 SYSTEMPATH\Database\BaseBuilder.php(1616): CodeIgniter\Database\BaseConnection->query('SELECT *
FROM `usuarios`
ORDER BY `id` ASC', [], false)
 4 SYSTEMPATH\Model.php(242): CodeIgniter\Database\BaseBuilder->get()
 5 SYSTEMPATH\BaseModel.php(638): CodeIgniter\Model->doFindAll(0, 0)
 6 APPPATH\Controllers\Usuarios.php(16): CodeIgniter\BaseModel->findAll()
 7 SYSTEMPATH\CodeIgniter.php(941): App\Controllers\Usuarios->usuarios_view()
 8 SYSTEMPATH\CodeIgniter.php(502): CodeIgniter\CodeIgniter->runController(Object(App\Controllers\Usuarios))
 9 SYSTEMPATH\CodeIgniter.php(361): CodeIgniter\CodeIgniter->handleRequest(null, Object(Config\Cache), false)
10 FCPATH\index.php(79): CodeIgniter\CodeIgniter->run()
CRITICAL - 2024-02-26 03:21:28 --> [Caused by] mysqli_sql_exception: Unknown column 'id' in 'order clause'
in SYSTEMPATH\Database\MySQLi\Connection.php on line 306.
 1 SYSTEMPATH\Database\MySQLi\Connection.php(306): mysqli->query('SELECT *
FROM `usuarios`
ORDER BY `id` ASC', 0)
 2 SYSTEMPATH\Database\BaseConnection.php(693): CodeIgniter\Database\MySQLi\Connection->execute('SELECT *
FROM `usuarios`
ORDER BY `id` ASC')
 3 SYSTEMPATH\Database\BaseConnection.php(607): CodeIgniter\Database\BaseConnection->simpleQuery('SELECT *
FROM `usuarios`
ORDER BY `id` ASC')
 4 SYSTEMPATH\Database\BaseBuilder.php(1616): CodeIgniter\Database\BaseConnection->query('SELECT *
FROM `usuarios`
ORDER BY `id` ASC', [], false)
 5 SYSTEMPATH\Model.php(242): CodeIgniter\Database\BaseBuilder->get()
 6 SYSTEMPATH\BaseModel.php(638): CodeIgniter\Model->doFindAll(0, 0)
 7 APPPATH\Controllers\Usuarios.php(16): CodeIgniter\BaseModel->findAll()
 8 SYSTEMPATH\CodeIgniter.php(941): App\Controllers\Usuarios->usuarios_view()
 9 SYSTEMPATH\CodeIgniter.php(502): CodeIgniter\CodeIgniter->runController(Object(App\Controllers\Usuarios))
10 SYSTEMPATH\CodeIgniter.php(361): CodeIgniter\CodeIgniter->handleRequest(null, Object(Config\Cache), false)
11 FCPATH\index.php(79): CodeIgniter\CodeIgniter->run()
CRITICAL - 2024-02-26 03:23:08 --> ErrorException: Undefined variable $libro
in APPPATH\Views\usuarios\crud_usuarios.php on line 21.
 1 APPPATH\Views\usuarios\crud_usuarios.php(21): CodeIgniter\Debug\Exceptions->errorHandler(2, 'Undefined variable $libro', 'C:\\laragon\\www\\cine\\app\\Views\\usuarios\\crud_usuarios.php', 21)
 2 SYSTEMPATH\View\View.php(228): include('C:\\laragon\\www\\cine\\app\\Views\\usuarios\\crud_usuarios.php')
 3 SYSTEMPATH\View\View.php(231): CodeIgniter\View\View->CodeIgniter\View\{closure}()
 4 SYSTEMPATH\Common.php(1178): CodeIgniter\View\View->render('usuarios/crud_usuarios', [], true)
 5 APPPATH\Controllers\Usuarios.php(19): view('usuarios/crud_usuarios', [...])
 6 SYSTEMPATH\CodeIgniter.php(941): App\Controllers\Usuarios->usuarios_view()
 7 SYSTEMPATH\CodeIgniter.php(502): CodeIgniter\CodeIgniter->runController(Object(App\Controllers\Usuarios))
 8 SYSTEMPATH\CodeIgniter.php(361): CodeIgniter\CodeIgniter->handleRequest(null, Object(Config\Cache), false)
 9 FCPATH\index.php(79): CodeIgniter\CodeIgniter->run()
CRITICAL - 2024-02-26 16:07:55 --> Error: Call to a member function rowCount() on null
in APPPATH\Controllers\Usuarios.php on line 145.
 1 SYSTEMPATH\CodeIgniter.php(941): App\Controllers\Usuarios->inicio_sesion()
 2 SYSTEMPATH\CodeIgniter.php(502): CodeIgniter\CodeIgniter->runController(Object(App\Controllers\Usuarios))
 3 SYSTEMPATH\CodeIgniter.php(361): CodeIgniter\CodeIgniter->handleRequest(null, Object(Config\Cache), false)
 4 FCPATH\index.php(79): CodeIgniter\CodeIgniter->run()
CRITICAL - 2024-02-26 16:08:57 --> Error: Call to a member function rowCount() on null
in APPPATH\Controllers\Usuarios.php on line 145.
 1 SYSTEMPATH\CodeIgniter.php(941): App\Controllers\Usuarios->inicio_sesion()
 2 SYSTEMPATH\CodeIgniter.php(502): CodeIgniter\CodeIgniter->runController(Object(App\Controllers\Usuarios))
 3 SYSTEMPATH\CodeIgniter.php(361): CodeIgniter\CodeIgniter->handleRequest(null, Object(Config\Cache), false)
 4 FCPATH\index.php(79): CodeIgniter\CodeIgniter->run()
CRITICAL - 2024-02-26 16:20:14 --> ErrorException: ini_set(): Session ini settings cannot be changed when a session is active
in SYSTEMPATH\Session\Handlers\FileHandler.php on line 72.
 1 [internal function]: CodeIgniter\Debug\Exceptions->errorHandler(2, 'ini_set(): Session ini settings cannot be changed when a session is active', 'C:\\laragon\\www\\cine\\system\\Session\\Handlers\\FileHandler.php', 72)
 2 SYSTEMPATH\Session\Handlers\FileHandler.php(72): ini_set('session.save_path', 'C:\\laragon\\www\\cine\\writable\\session')
 3 SYSTEMPATH\Config\Services.php(686): CodeIgniter\Session\Handlers\FileHandler->__construct(Object(Config\Session), '::1')
 4 SYSTEMPATH\Config\BaseService.php(258): CodeIgniter\Config\Services::session(Object(Config\Session), false)
 5 SYSTEMPATH\Config\BaseService.php(199): CodeIgniter\Config\BaseService::__callStatic('session', [...])
 6 SYSTEMPATH\Config\Services.php(664): CodeIgniter\Config\BaseService::getSharedInstance('session', null)
 7 SYSTEMPATH\Config\BaseService.php(258): CodeIgniter\Config\Services::session()
 8 SYSTEMPATH\Common.php(982): CodeIgniter\Config\BaseService::__callStatic('session', [])
 9 SYSTEMPATH\CodeIgniter.php(1068): session()
10 SYSTEMPATH\CodeIgniter.php(549): CodeIgniter\CodeIgniter->storePreviousURL(Object(CodeIgniter\HTTP\SiteURI))
11 SYSTEMPATH\CodeIgniter.php(361): CodeIgniter\CodeIgniter->handleRequest(null, Object(Config\Cache), false)
12 FCPATH\index.php(79): CodeIgniter\CodeIgniter->run()
CRITICAL - 2024-02-26 16:20:15 --> ErrorException: ini_set(): Session ini settings cannot be changed when a session is active
in SYSTEMPATH\Session\Handlers\FileHandler.php on line 72.
 1 [internal function]: CodeIgniter\Debug\Exceptions->errorHandler(2, 'ini_set(): Session ini settings cannot be changed when a session is active', 'C:\\laragon\\www\\cine\\system\\Session\\Handlers\\FileHandler.php', 72)
 2 SYSTEMPATH\Session\Handlers\FileHandler.php(72): ini_set('session.save_path', 'C:\\laragon\\www\\cine\\writable\\session')
 3 SYSTEMPATH\Config\Services.php(686): CodeIgniter\Session\Handlers\FileHandler->__construct(Object(Config\Session), '::1')
 4 SYSTEMPATH\Config\BaseService.php(258): CodeIgniter\Config\Services::session(Object(Config\Session), false)
 5 SYSTEMPATH\Config\BaseService.php(199): CodeIgniter\Config\BaseService::__callStatic('session', [...])
 6 SYSTEMPATH\Config\Services.php(664): CodeIgniter\Config\BaseService::getSharedInstance('session', null)
 7 SYSTEMPATH\Config\BaseService.php(258): CodeIgniter\Config\Services::session()
 8 SYSTEMPATH\Common.php(982): CodeIgniter\Config\BaseService::__callStatic('session', [])
 9 SYSTEMPATH\CodeIgniter.php(1068): session()
10 SYSTEMPATH\CodeIgniter.php(549): CodeIgniter\CodeIgniter->storePreviousURL(Object(CodeIgniter\HTTP\SiteURI))
11 SYSTEMPATH\CodeIgniter.php(361): CodeIgniter\CodeIgniter->handleRequest(null, Object(Config\Cache), false)
12 FCPATH\index.php(79): CodeIgniter\CodeIgniter->run()
CRITICAL - 2024-02-26 16:20:16 --> ErrorException: ini_set(): Session ini settings cannot be changed when a session is active
in SYSTEMPATH\Session\Handlers\FileHandler.php on line 72.
 1 [internal function]: CodeIgniter\Debug\Exceptions->errorHandler(2, 'ini_set(): Session ini settings cannot be changed when a session is active', 'C:\\laragon\\www\\cine\\system\\Session\\Handlers\\FileHandler.php', 72)
 2 SYSTEMPATH\Session\Handlers\FileHandler.php(72): ini_set('session.save_path', 'C:\\laragon\\www\\cine\\writable\\session')
 3 SYSTEMPATH\Config\Services.php(686): CodeIgniter\Session\Handlers\FileHandler->__construct(Object(Config\Session), '::1')
 4 SYSTEMPATH\Config\BaseService.php(258): CodeIgniter\Config\Services::session(Object(Config\Session), false)
 5 SYSTEMPATH\Config\BaseService.php(199): CodeIgniter\Config\BaseService::__callStatic('session', [...])
 6 SYSTEMPATH\Config\Services.php(664): CodeIgniter\Config\BaseService::getSharedInstance('session', null)
 7 SYSTEMPATH\Config\BaseService.php(258): CodeIgniter\Config\Services::session()
 8 SYSTEMPATH\Common.php(982): CodeIgniter\Config\BaseService::__callStatic('session', [])
 9 SYSTEMPATH\CodeIgniter.php(1068): session()
10 SYSTEMPATH\CodeIgniter.php(549): CodeIgniter\CodeIgniter->storePreviousURL(Object(CodeIgniter\HTTP\SiteURI))
11 SYSTEMPATH\CodeIgniter.php(361): CodeIgniter\CodeIgniter->handleRequest(null, Object(Config\Cache), false)
12 FCPATH\index.php(79): CodeIgniter\CodeIgniter->run()
CRITICAL - 2024-02-26 16:20:18 --> ErrorException: ini_set(): Session ini settings cannot be changed when a session is active
in SYSTEMPATH\Session\Handlers\FileHandler.php on line 72.
 1 [internal function]: CodeIgniter\Debug\Exceptions->errorHandler(2, 'ini_set(): Session ini settings cannot be changed when a session is active', 'C:\\laragon\\www\\cine\\system\\Session\\Handlers\\FileHandler.php', 72)
 2 SYSTEMPATH\Session\Handlers\FileHandler.php(72): ini_set('session.save_path', 'C:\\laragon\\www\\cine\\writable\\session')
 3 SYSTEMPATH\Config\Services.php(686): CodeIgniter\Session\Handlers\FileHandler->__construct(Object(Config\Session), '::1')
 4 SYSTEMPATH\Config\BaseService.php(258): CodeIgniter\Config\Services::session(Object(Config\Session), false)
 5 SYSTEMPATH\Config\BaseService.php(199): CodeIgniter\Config\BaseService::__callStatic('session', [...])
 6 SYSTEMPATH\Config\Services.php(664): CodeIgniter\Config\BaseService::getSharedInstance('session', null)
 7 SYSTEMPATH\Config\BaseService.php(258): CodeIgniter\Config\Services::session()
 8 SYSTEMPATH\Common.php(982): CodeIgniter\Config\BaseService::__callStatic('session', [])
 9 SYSTEMPATH\CodeIgniter.php(1068): session()
10 SYSTEMPATH\CodeIgniter.php(549): CodeIgniter\CodeIgniter->storePreviousURL(Object(CodeIgniter\HTTP\SiteURI))
11 SYSTEMPATH\CodeIgniter.php(361): CodeIgniter\CodeIgniter->handleRequest(null, Object(Config\Cache), false)
12 FCPATH\index.php(79): CodeIgniter\CodeIgniter->run()
CRITICAL - 2024-02-26 16:20:33 --> ErrorException: ini_set(): Session ini settings cannot be changed when a session is active
in SYSTEMPATH\Session\Handlers\FileHandler.php on line 72.
 1 [internal function]: CodeIgniter\Debug\Exceptions->errorHandler(2, 'ini_set(): Session ini settings cannot be changed when a session is active', 'C:\\laragon\\www\\cine\\system\\Session\\Handlers\\FileHandler.php', 72)
 2 SYSTEMPATH\Session\Handlers\FileHandler.php(72): ini_set('session.save_path', 'C:\\laragon\\www\\cine\\writable\\session')
 3 SYSTEMPATH\Config\Services.php(686): CodeIgniter\Session\Handlers\FileHandler->__construct(Object(Config\Session), '::1')
 4 SYSTEMPATH\Config\BaseService.php(258): CodeIgniter\Config\Services::session(Object(Config\Session), false)
 5 SYSTEMPATH\Config\BaseService.php(199): CodeIgniter\Config\BaseService::__callStatic('session', [...])
 6 SYSTEMPATH\Config\Services.php(664): CodeIgniter\Config\BaseService::getSharedInstance('session', null)
 7 SYSTEMPATH\Config\BaseService.php(258): CodeIgniter\Config\Services::session()
 8 SYSTEMPATH\Common.php(982): CodeIgniter\Config\BaseService::__callStatic('session', [])
 9 SYSTEMPATH\CodeIgniter.php(1068): session()
10 SYSTEMPATH\CodeIgniter.php(549): CodeIgniter\CodeIgniter->storePreviousURL(Object(CodeIgniter\HTTP\SiteURI))
11 SYSTEMPATH\CodeIgniter.php(361): CodeIgniter\CodeIgniter->handleRequest(null, Object(Config\Cache), false)
12 FCPATH\index.php(79): CodeIgniter\CodeIgniter->run()
CRITICAL - 2024-02-26 16:20:40 --> ErrorException: ini_set(): Session ini settings cannot be changed when a session is active
in SYSTEMPATH\Session\Handlers\FileHandler.php on line 72.
 1 [internal function]: CodeIgniter\Debug\Exceptions->errorHandler(2, 'ini_set(): Session ini settings cannot be changed when a session is active', 'C:\\laragon\\www\\cine\\system\\Session\\Handlers\\FileHandler.php', 72)
 2 SYSTEMPATH\Session\Handlers\FileHandler.php(72): ini_set('session.save_path', 'C:\\laragon\\www\\cine\\writable\\session')
 3 SYSTEMPATH\Config\Services.php(686): CodeIgniter\Session\Handlers\FileHandler->__construct(Object(Config\Session), '::1')
 4 SYSTEMPATH\Config\BaseService.php(258): CodeIgniter\Config\Services::session(Object(Config\Session), false)
 5 SYSTEMPATH\Config\BaseService.php(199): CodeIgniter\Config\BaseService::__callStatic('session', [...])
 6 SYSTEMPATH\Config\Services.php(664): CodeIgniter\Config\BaseService::getSharedInstance('session', null)
 7 SYSTEMPATH\Config\BaseService.php(258): CodeIgniter\Config\Services::session()
 8 SYSTEMPATH\Common.php(982): CodeIgniter\Config\BaseService::__callStatic('session', [])
 9 SYSTEMPATH\CodeIgniter.php(1068): session()
10 SYSTEMPATH\CodeIgniter.php(549): CodeIgniter\CodeIgniter->storePreviousURL(Object(CodeIgniter\HTTP\SiteURI))
11 SYSTEMPATH\CodeIgniter.php(361): CodeIgniter\CodeIgniter->handleRequest(null, Object(Config\Cache), false)
12 FCPATH\index.php(79): CodeIgniter\CodeIgniter->run()
CRITICAL - 2024-02-26 16:20:41 --> ErrorException: ini_set(): Session ini settings cannot be changed when a session is active
in SYSTEMPATH\Session\Handlers\FileHandler.php on line 72.
 1 [internal function]: CodeIgniter\Debug\Exceptions->errorHandler(2, 'ini_set(): Session ini settings cannot be changed when a session is active', 'C:\\laragon\\www\\cine\\system\\Session\\Handlers\\FileHandler.php', 72)
 2 SYSTEMPATH\Session\Handlers\FileHandler.php(72): ini_set('session.save_path', 'C:\\laragon\\www\\cine\\writable\\session')
 3 SYSTEMPATH\Config\Services.php(686): CodeIgniter\Session\Handlers\FileHandler->__construct(Object(Config\Session), '::1')
 4 SYSTEMPATH\Config\BaseService.php(258): CodeIgniter\Config\Services::session(Object(Config\Session), false)
 5 SYSTEMPATH\Config\BaseService.php(199): CodeIgniter\Config\BaseService::__callStatic('session', [...])
 6 SYSTEMPATH\Config\Services.php(664): CodeIgniter\Config\BaseService::getSharedInstance('session', null)
 7 SYSTEMPATH\Config\BaseService.php(258): CodeIgniter\Config\Services::session()
 8 SYSTEMPATH\Common.php(982): CodeIgniter\Config\BaseService::__callStatic('session', [])
 9 SYSTEMPATH\CodeIgniter.php(1068): session()
10 SYSTEMPATH\CodeIgniter.php(549): CodeIgniter\CodeIgniter->storePreviousURL(Object(CodeIgniter\HTTP\SiteURI))
11 SYSTEMPATH\CodeIgniter.php(361): CodeIgniter\CodeIgniter->handleRequest(null, Object(Config\Cache), false)
12 FCPATH\index.php(79): CodeIgniter\CodeIgniter->run()
CRITICAL - 2024-02-26 16:20:41 --> ErrorException: ini_set(): Session ini settings cannot be changed when a session is active
in SYSTEMPATH\Session\Handlers\FileHandler.php on line 72.
 1 [internal function]: CodeIgniter\Debug\Exceptions->errorHandler(2, 'ini_set(): Session ini settings cannot be changed when a session is active', 'C:\\laragon\\www\\cine\\system\\Session\\Handlers\\FileHandler.php', 72)
 2 SYSTEMPATH\Session\Handlers\FileHandler.php(72): ini_set('session.save_path', 'C:\\laragon\\www\\cine\\writable\\session')
 3 SYSTEMPATH\Config\Services.php(686): CodeIgniter\Session\Handlers\FileHandler->__construct(Object(Config\Session), '::1')
 4 SYSTEMPATH\Config\BaseService.php(258): CodeIgniter\Config\Services::session(Object(Config\Session), false)
 5 SYSTEMPATH\Config\BaseService.php(199): CodeIgniter\Config\BaseService::__callStatic('session', [...])
 6 SYSTEMPATH\Config\Services.php(664): CodeIgniter\Config\BaseService::getSharedInstance('session', null)
 7 SYSTEMPATH\Config\BaseService.php(258): CodeIgniter\Config\Services::session()
 8 SYSTEMPATH\Common.php(982): CodeIgniter\Config\BaseService::__callStatic('session', [])
 9 SYSTEMPATH\CodeIgniter.php(1068): session()
10 SYSTEMPATH\CodeIgniter.php(549): CodeIgniter\CodeIgniter->storePreviousURL(Object(CodeIgniter\HTTP\SiteURI))
11 SYSTEMPATH\CodeIgniter.php(361): CodeIgniter\CodeIgniter->handleRequest(null, Object(Config\Cache), false)
12 FCPATH\index.php(79): CodeIgniter\CodeIgniter->run()
CRITICAL - 2024-02-26 16:20:42 --> ErrorException: ini_set(): Session ini settings cannot be changed when a session is active
in SYSTEMPATH\Session\Handlers\FileHandler.php on line 72.
 1 [internal function]: CodeIgniter\Debug\Exceptions->errorHandler(2, 'ini_set(): Session ini settings cannot be changed when a session is active', 'C:\\laragon\\www\\cine\\system\\Session\\Handlers\\FileHandler.php', 72)
 2 SYSTEMPATH\Session\Handlers\FileHandler.php(72): ini_set('session.save_path', 'C:\\laragon\\www\\cine\\writable\\session')
 3 SYSTEMPATH\Config\Services.php(686): CodeIgniter\Session\Handlers\FileHandler->__construct(Object(Config\Session), '::1')
 4 SYSTEMPATH\Config\BaseService.php(258): CodeIgniter\Config\Services::session(Object(Config\Session), false)
 5 SYSTEMPATH\Config\BaseService.php(199): CodeIgniter\Config\BaseService::__callStatic('session', [...])
 6 SYSTEMPATH\Config\Services.php(664): CodeIgniter\Config\BaseService::getSharedInstance('session', null)
 7 SYSTEMPATH\Config\BaseService.php(258): CodeIgniter\Config\Services::session()
 8 SYSTEMPATH\Common.php(982): CodeIgniter\Config\BaseService::__callStatic('session', [])
 9 SYSTEMPATH\CodeIgniter.php(1068): session()
10 SYSTEMPATH\CodeIgniter.php(549): CodeIgniter\CodeIgniter->storePreviousURL(Object(CodeIgniter\HTTP\SiteURI))
11 SYSTEMPATH\CodeIgniter.php(361): CodeIgniter\CodeIgniter->handleRequest(null, Object(Config\Cache), false)
12 FCPATH\index.php(79): CodeIgniter\CodeIgniter->run()
CRITICAL - 2024-02-26 16:20:42 --> ErrorException: ini_set(): Session ini settings cannot be changed when a session is active
in SYSTEMPATH\Session\Handlers\FileHandler.php on line 72.
 1 [internal function]: CodeIgniter\Debug\Exceptions->errorHandler(2, 'ini_set(): Session ini settings cannot be changed when a session is active', 'C:\\laragon\\www\\cine\\system\\Session\\Handlers\\FileHandler.php', 72)
 2 SYSTEMPATH\Session\Handlers\FileHandler.php(72): ini_set('session.save_path', 'C:\\laragon\\www\\cine\\writable\\session')
 3 SYSTEMPATH\Config\Services.php(686): CodeIgniter\Session\Handlers\FileHandler->__construct(Object(Config\Session), '::1')
 4 SYSTEMPATH\Config\BaseService.php(258): CodeIgniter\Config\Services::session(Object(Config\Session), false)
 5 SYSTEMPATH\Config\BaseService.php(199): CodeIgniter\Config\BaseService::__callStatic('session', [...])
 6 SYSTEMPATH\Config\Services.php(664): CodeIgniter\Config\BaseService::getSharedInstance('session', null)
 7 SYSTEMPATH\Config\BaseService.php(258): CodeIgniter\Config\Services::session()
 8 SYSTEMPATH\Common.php(982): CodeIgniter\Config\BaseService::__callStatic('session', [])
 9 SYSTEMPATH\CodeIgniter.php(1068): session()
10 SYSTEMPATH\CodeIgniter.php(549): CodeIgniter\CodeIgniter->storePreviousURL(Object(CodeIgniter\HTTP\SiteURI))
11 SYSTEMPATH\CodeIgniter.php(361): CodeIgniter\CodeIgniter->handleRequest(null, Object(Config\Cache), false)
12 FCPATH\index.php(79): CodeIgniter\CodeIgniter->run()
CRITICAL - 2024-02-26 22:13:07 --> Error: Call to a member function rowCount() on array
in APPPATH\Controllers\Usuarios.php on line 145.
 1 SYSTEMPATH\CodeIgniter.php(941): App\Controllers\Usuarios->inicio_sesion()
 2 SYSTEMPATH\CodeIgniter.php(502): CodeIgniter\CodeIgniter->runController(Object(App\Controllers\Usuarios))
 3 SYSTEMPATH\CodeIgniter.php(361): CodeIgniter\CodeIgniter->handleRequest(null, Object(Config\Cache), false)
 4 FCPATH\index.php(79): CodeIgniter\CodeIgniter->run()
CRITICAL - 2024-02-26 22:13:51 --> Error: Call to a member function rowCount() on array
in APPPATH\Controllers\Usuarios.php on line 145.
 1 SYSTEMPATH\CodeIgniter.php(941): App\Controllers\Usuarios->inicio_sesion()
 2 SYSTEMPATH\CodeIgniter.php(502): CodeIgniter\CodeIgniter->runController(Object(App\Controllers\Usuarios))
 3 SYSTEMPATH\CodeIgniter.php(361): CodeIgniter\CodeIgniter->handleRequest(null, Object(Config\Cache), false)
 4 FCPATH\index.php(79): CodeIgniter\CodeIgniter->run()
CRITICAL - 2024-02-26 22:20:07 --> Error: Call to a member function rowCount() on null
in APPPATH\Controllers\Usuarios.php on line 145.
 1 SYSTEMPATH\CodeIgniter.php(941): App\Controllers\Usuarios->inicio_sesion()
 2 SYSTEMPATH\CodeIgniter.php(502): CodeIgniter\CodeIgniter->runController(Object(App\Controllers\Usuarios))
 3 SYSTEMPATH\CodeIgniter.php(361): CodeIgniter\CodeIgniter->handleRequest(null, Object(Config\Cache), false)
 4 FCPATH\index.php(79): CodeIgniter\CodeIgniter->run()
CRITICAL - 2024-02-26 22:24:58 --> Error: Call to a member function rowCount() on null
in APPPATH\Controllers\Usuarios.php on line 145.
 1 SYSTEMPATH\CodeIgniter.php(941): App\Controllers\Usuarios->inicio_sesion()
 2 SYSTEMPATH\CodeIgniter.php(502): CodeIgniter\CodeIgniter->runController(Object(App\Controllers\Usuarios))
 3 SYSTEMPATH\CodeIgniter.php(361): CodeIgniter\CodeIgniter->handleRequest(null, Object(Config\Cache), false)
 4 FCPATH\index.php(79): CodeIgniter\CodeIgniter->run()
CRITICAL - 2024-02-26 22:26:20 --> Error: Call to a member function fetch() on null
in APPPATH\Controllers\Usuarios.php on line 145.
 1 SYSTEMPATH\CodeIgniter.php(941): App\Controllers\Usuarios->inicio_sesion()
 2 SYSTEMPATH\CodeIgniter.php(502): CodeIgniter\CodeIgniter->runController(Object(App\Controllers\Usuarios))
 3 SYSTEMPATH\CodeIgniter.php(361): CodeIgniter\CodeIgniter->handleRequest(null, Object(Config\Cache), false)
 4 FCPATH\index.php(79): CodeIgniter\CodeIgniter->run()
